2025-08-01 14:00:07,208 - INFO - ============================================================
2025-08-01 14:00:07,208 - INFO - OKTA AUTOMATION STARTED - 2025-08-01 14:00:07
2025-08-01 14:00:07,208 - INFO - ============================================================
2025-08-01 14:00:07,208 - INFO - Retrieving Okta API credentials...
2025-08-01 14:00:09,042 - INFO - Validating department-to-group mappings...
2025-08-01 14:00:17,459 - INFO - All 19 group mappings validated successfully
2025-08-01 14:00:17,460 - INFO - All group mappings validated successfully
2025-08-01 14:00:17,460 - INFO - Fetching tickets from SolarWinds Service Desk...
2025-08-01 14:00:21,438 - INFO - Found 1 onboarding users to process
2025-08-01 14:00:21,438 - INFO - PRODUCTION MODE - Processing all 1 users
2025-08-01 14:00:21,438 - INFO - Processing user 1/1: Donnie Markham — Senior Software Engineer I (Ticket #61251)
2025-08-01 14:00:28,296 - INFO - SUCCESS: Created Okta user donniemarkham@filevine.com (Ticket #61251)
2025-08-01 14:00:28,652 - INFO - Added user 00uykd38uuNIOawak297 to group 00g9dig6h44pNmIuE297
2025-08-01 14:00:28,652 - INFO - Successfully assigned user 00uykd38uuNIOawak297 to all 1 groups for department 'Research & Development'
2025-08-01 14:00:28,653 - INFO - Successfully assigned donniemarkham@filevine.com to groups for department 'Research & Development'
2025-08-01 14:00:31,843 - INFO -  Updated ticket #61251 status to 'In Progress'
2025-08-01 14:00:34,581 - INFO -  Added comment to ticket #61251
2025-08-01 14:00:37,248 - INFO -  Slack notification sent for Donnie Markham
2025-08-01 14:00:37,251 - INFO - ============================================================
2025-08-01 14:00:37,251 - INFO - AUTOMATION SUMMARY - 2025-08-01 14:00:37
2025-08-01 14:00:37,251 - INFO - Duration: 0:00:30.042693
2025-08-01 14:00:37,251 - INFO - Successful creations: 1
2025-08-01 14:00:37,252 - INFO - Duplicates skipped: 0
2025-08-01 14:00:37,252 - INFO - Errors encountered: 0
2025-08-01 14:00:37,252 - INFO - Total users processed: 1
2025-08-01 14:00:37,252 - INFO - ============================================================
2025-08-01 16:36:30,991 - INFO - ============================================================
2025-08-01 16:36:30,991 - INFO - OKTA AUTOMATION STARTED - 2025-08-01 16:36:30
2025-08-01 16:36:30,991 - INFO - ============================================================
2025-08-01 16:36:30,991 - INFO - Retrieving Okta API credentials...
2025-08-01 16:36:33,538 - INFO - Validating department-to-group mappings...
2025-08-01 16:36:41,766 - INFO - All 19 group mappings validated successfully
2025-08-01 16:36:41,766 - INFO - All group mappings validated successfully
2025-08-01 16:36:41,766 - INFO - Fetching tickets from SolarWinds Service Desk...
2025-08-01 16:36:46,325 - INFO - Found 1 onboarding users to process
2025-08-01 16:36:46,325 - INFO - PRODUCTION MODE - Processing all 1 users
2025-08-01 16:36:46,325 - INFO - Processing user 1/1: Donnie Markham — Senior Software Engineer I (Ticket #61251)
2025-08-01 16:36:53,081 - INFO - SUCCESS: Created Okta user donniemarkham@filevine.com (Ticket #61251)
2025-08-01 16:36:53,615 - INFO - Added user 00uykf65phLo6eWUn297 to group 00g9dig6h44pNmIuE297
2025-08-01 16:36:53,619 - INFO - Successfully assigned user 00uykf65phLo6eWUn297 to all 1 groups for department 'Research & Development'
2025-08-01 16:36:53,620 - INFO - Successfully assigned donniemarkham@filevine.com to groups for department 'Research & Development'
2025-08-01 16:36:57,197 - INFO -  Updated ticket #61251 status to 'In Progress'
2025-08-01 16:37:00,624 - INFO -  Added comment to ticket #61251
2025-08-01 16:37:03,802 - INFO -  Slack notification sent for Donnie Markham
2025-08-01 16:37:03,804 - INFO - ============================================================
2025-08-01 16:37:03,805 - INFO - AUTOMATION SUMMARY - 2025-08-01 16:37:03
2025-08-01 16:37:03,805 - INFO - Duration: 0:00:32.813359
2025-08-01 16:37:03,806 - INFO - Successful creations: 1
2025-08-01 16:37:03,806 - INFO - Duplicates skipped: 0
2025-08-01 16:37:03,806 - INFO - Errors encountered: 0
2025-08-01 16:37:03,806 - INFO - Total users processed: 1
2025-08-01 16:37:03,807 - INFO - ============================================================
