2025-08-03 17:29:24,610 - INFO - ============================================================
2025-08-03 17:29:24,612 - INFO - OKTA AUTOMATION STARTED - 2025-08-03 17:29:24
2025-08-03 17:29:24,612 - INFO - ============================================================
2025-08-03 17:29:24,612 - INFO - Retrieving Okta API credentials...
2025-08-03 17:29:28,396 - INFO - Validating department-to-group mappings...
2025-08-03 17:29:38,584 - INFO - All 19 group mappings validated successfully
2025-08-03 17:29:38,584 - INFO - All group mappings validated successfully
2025-08-03 17:29:38,584 - INFO - Fetching tickets from SolarWinds Service Desk...
2025-08-03 17:29:42,734 - INFO - Found 1 onboarding users to process
2025-08-03 17:29:42,734 - INFO - PRODUCTION MODE - Processing all 1 users
2025-08-03 17:29:42,734 - INFO - Processing user 1/1: Lenka Nemcova — Talent Sourcer (Ticket #61333)
2025-08-03 17:29:49,619 - INFO - SUCCESS: Created Okta user lenkanemcova@filevine.com (Ticket #61333)
2025-08-03 17:29:49,983 - INFO - Added user 00uykvxzizG7M2wSd297 to group 00g9dig6h44pNmIuE297
2025-08-03 17:29:49,983 - INFO - Successfully assigned user 00uykvxzizG7M2wSd297 to all 1 groups for department 'Research & Development'
2025-08-03 17:29:49,983 - INFO - Successfully assigned lenkanemcova@filevine.com to groups for department 'Research & Development'
2025-08-03 17:29:53,353 - INFO -  Updated ticket #61333 status to 'In Progress'
2025-08-03 17:29:56,932 - INFO -  Added comment to ticket #61333
2025-08-03 17:29:59,549 - INFO -  Slack notification sent for Lenka Nemcova
2025-08-03 17:29:59,550 - INFO - ============================================================
2025-08-03 17:29:59,551 - INFO - AUTOMATION SUMMARY - 2025-08-03 17:29:59
2025-08-03 17:29:59,551 - INFO - Duration: 0:00:34.940127
2025-08-03 17:29:59,552 - INFO - Successful creations: 1
2025-08-03 17:29:59,552 - INFO - Duplicates skipped: 0
2025-08-03 17:29:59,552 - INFO - Errors encountered: 0
2025-08-03 17:29:59,552 - INFO - Total users processed: 1
2025-08-03 17:29:59,553 - INFO - ============================================================
