2025-07-31 13:13:13,130 - INFO - ============================================================
2025-07-31 13:13:13,130 - INFO - OKTA AUTOMATION STARTED - 2025-07-31 13:13:13
2025-07-31 13:13:13,130 - INFO - ============================================================
2025-07-31 13:13:13,130 - INFO - Retrieving Okta API credentials...
2025-07-31 13:13:15,024 - INFO - Validating department-to-group mappings...
2025-07-31 13:13:23,158 - INFO - All 19 group mappings validated successfully
2025-07-31 13:13:23,160 - INFO - All group mappings validated successfully
2025-07-31 13:13:23,160 - INFO - Fetching tickets from SolarWinds Service Desk...
2025-07-31 13:13:27,216 - INFO - Found 0 onboarding users to process
2025-07-31 13:13:27,216 - INFO - No onboarding users found. Exiting.
2025-07-31 14:00:05,965 - INFO - ============================================================
2025-07-31 14:00:05,966 - INFO - OKTA AUTOMATION STARTED - 2025-07-31 14:00:05
2025-07-31 14:00:05,966 - INFO - ============================================================
2025-07-31 14:00:05,966 - INFO - Retrieving Okta API credentials...
2025-07-31 14:00:07,985 - INFO - Validating department-to-group mappings...
2025-07-31 14:00:15,065 - INFO - All 19 group mappings validated successfully
2025-07-31 14:00:15,065 - INFO - All group mappings validated successfully
2025-07-31 14:00:15,065 - INFO - Fetching tickets from SolarWinds Service Desk...
2025-07-31 14:00:19,082 - INFO - Found 0 onboarding users to process
2025-07-31 14:00:19,082 - INFO - No onboarding users found. Exiting.
2025-07-31 17:00:06,025 - INFO - ============================================================
2025-07-31 17:00:06,025 - INFO - OKTA AUTOMATION STARTED - 2025-07-31 17:00:06
2025-07-31 17:00:06,025 - INFO - ============================================================
2025-07-31 17:00:06,025 - INFO - Retrieving Okta API credentials...
2025-07-31 17:00:08,040 - INFO - Validating department-to-group mappings...
2025-07-31 17:00:17,179 - INFO - All 19 group mappings validated successfully
2025-07-31 17:00:17,179 - INFO - All group mappings validated successfully
2025-07-31 17:00:17,179 - INFO - Fetching tickets from SolarWinds Service Desk...
2025-07-31 17:00:22,197 - INFO - Found 0 onboarding users to process
2025-07-31 17:00:22,197 - INFO - No onboarding users found. Exiting.
2025-07-31 17:26:46,918 - INFO - ============================================================
2025-07-31 17:26:46,918 - INFO - OKTA AUTOMATION STARTED - 2025-07-31 17:26:46
2025-07-31 17:26:46,918 - INFO - ============================================================
2025-07-31 17:26:46,918 - INFO - Retrieving Okta API credentials...
2025-07-31 17:26:48,876 - INFO - Validating department-to-group mappings...
2025-07-31 17:26:57,616 - INFO - All 19 group mappings validated successfully
2025-07-31 17:26:57,616 - INFO - All group mappings validated successfully
2025-07-31 17:26:57,616 - INFO - Fetching tickets from SolarWinds Service Desk...
2025-07-31 17:27:01,214 - INFO - Found 1 onboarding users to process
2025-07-31 17:27:01,214 - INFO - PRODUCTION MODE - Processing all 1 users
2025-07-31 17:27:01,214 - INFO - Processing user 1/1: Peter Schnabel — Senior Software Engineer I (Ticket #61041)
2025-07-31 17:27:08,357 - INFO - SUCCESS: Created Okta user peterschnabel@filevine.com (Ticket #61041)
2025-07-31 17:27:08,909 - INFO - Added user 00uyjz7nrfuI6tPjI297 to group 00g9dig6h44pNmIuE297
2025-07-31 17:27:08,909 - INFO - Successfully assigned user 00uyjz7nrfuI6tPjI297 to all 1 groups for department 'Research & Development'
2025-07-31 17:27:08,909 - INFO - Successfully assigned peterschnabel@filevine.com to groups for department 'Research & Development'
2025-07-31 17:27:12,160 - INFO -  Updated ticket #61041 status to 'In Progress'
2025-07-31 17:27:15,092 - INFO -  Added comment to ticket #61041
2025-07-31 17:27:17,484 - INFO -  Slack notification sent for Peter Schnabel
2025-07-31 17:27:17,484 - INFO - ============================================================
2025-07-31 17:27:17,484 - INFO - AUTOMATION SUMMARY - 2025-07-31 17:27:17
2025-07-31 17:27:17,484 - INFO - Duration: 0:00:30.565277
2025-07-31 17:27:17,484 - INFO - Successful creations: 1
2025-07-31 17:27:17,485 - INFO - Duplicates skipped: 0
2025-07-31 17:27:17,485 - INFO - Errors encountered: 0
2025-07-31 17:27:17,485 - INFO - Total users processed: 1
2025-07-31 17:27:17,485 - INFO - ============================================================
