2025-08-04 10:00:08,021 - INFO - ============================================================
2025-08-04 10:00:08,021 - INFO - OKTA AUTOMATION STARTED - 2025-08-04 10:00:08
2025-08-04 10:00:08,021 - INFO - ============================================================
2025-08-04 10:00:08,022 - INFO - Retrieving Okta API credentials...
2025-08-04 10:00:10,356 - INFO - Validating department-to-group mappings...
2025-08-04 10:00:18,318 - INFO - All 19 group mappings validated successfully
2025-08-04 10:00:18,320 - INFO - All group mappings validated successfully
2025-08-04 10:00:18,320 - INFO - Fetching tickets from SolarWinds Service Desk...
2025-08-04 10:00:22,824 - INFO - Found 0 onboarding users to process
2025-08-04 10:00:22,824 - INFO - No onboarding users found. Exiting.
2025-08-04 14:00:04,616 - INFO - ============================================================
2025-08-04 14:00:04,618 - INFO - OKTA AUTOMATION STARTED - 2025-08-04 14:00:04
2025-08-04 14:00:04,618 - INFO - ============================================================
2025-08-04 14:00:04,618 - INFO - Retrieving Okta API credentials...
2025-08-04 14:00:06,785 - INFO - Validating department-to-group mappings...
2025-08-04 14:00:14,858 - INFO - All 19 group mappings validated successfully
2025-08-04 14:00:14,858 - INFO - All group mappings validated successfully
2025-08-04 14:00:14,861 - INFO - Fetching tickets from SolarWinds Service Desk...
2025-08-04 14:00:19,174 - INFO - Found 1 onboarding users to process
2025-08-04 14:00:19,174 - INFO - PRODUCTION MODE - Processing all 1 users
2025-08-04 14:00:19,175 - INFO - Processing user 1/1: Matt Dastrup — Account Executive (Ticket #61418)
2025-08-04 14:00:27,347 - INFO - SUCCESS: Created Okta user mattdastrup@filevine.com (Ticket #61418)
2025-08-04 14:00:27,930 - INFO - Added user 00uyl9ann0adMuvaG297 to group 00go8fzoo1PO3lxwg297
2025-08-04 14:00:27,930 - INFO - Successfully assigned user 00uyl9ann0adMuvaG297 to all 1 groups for department 'AE - Account Executives'
2025-08-04 14:00:27,930 - INFO - Successfully assigned mattdastrup@filevine.com to groups for department 'AE - Account Executives'
2025-08-04 14:00:31,253 - INFO -  Updated ticket #61418 status to 'In Progress'
2025-08-04 14:00:34,305 - INFO -  Added comment to ticket #61418
2025-08-04 14:00:37,583 - INFO -  Slack notification sent for Matt Dastrup
2025-08-04 14:00:37,586 - INFO - ============================================================
2025-08-04 14:00:37,586 - INFO - AUTOMATION SUMMARY - 2025-08-04 14:00:37
2025-08-04 14:00:37,587 - INFO - Duration: 0:00:32.970055
2025-08-04 14:00:37,588 - INFO - Successful creations: 1
2025-08-04 14:00:37,592 - INFO - Duplicates skipped: 0
2025-08-04 14:00:37,592 - INFO - Errors encountered: 0
2025-08-04 14:00:37,592 - INFO - Total users processed: 1
2025-08-04 14:00:37,592 - INFO - ============================================================
2025-08-04 17:29:10,438 - INFO - ============================================================
2025-08-04 17:29:10,438 - INFO - OKTA AUTOMATION STARTED - 2025-08-04 17:29:10
2025-08-04 17:29:10,443 - INFO - ============================================================
2025-08-04 17:29:10,443 - INFO - Retrieving Okta API credentials...
2025-08-04 17:29:12,757 - INFO - Validating department-to-group mappings...
2025-08-04 17:29:20,583 - INFO - All 19 group mappings validated successfully
2025-08-04 17:29:20,583 - INFO - All group mappings validated successfully
2025-08-04 17:29:20,583 - INFO - Fetching tickets from SolarWinds Service Desk...
2025-08-04 17:29:24,407 - INFO - Found 1 onboarding users to process
2025-08-04 17:29:24,407 - INFO - PRODUCTION MODE - Processing all 1 users
2025-08-04 17:29:24,407 - INFO - Processing user 1/1: Thomas Shields — Account Executive (Ticket #61426)
2025-08-04 17:29:30,309 - INFO - SUCCESS: Created Okta user thomasshields@filevine.com (Ticket #61426)
2025-08-04 17:29:30,673 - INFO - Added user 00uylc1a79Kqxw50B297 to group 00go8fzoo1PO3lxwg297
2025-08-04 17:29:30,673 - INFO - Successfully assigned user 00uylc1a79Kqxw50B297 to all 1 groups for department 'AE - Account Executives'
2025-08-04 17:29:30,673 - INFO - Successfully assigned thomasshields@filevine.com to groups for department 'AE - Account Executives'
2025-08-04 17:29:33,935 - INFO -  Updated ticket #61426 status to 'In Progress'
2025-08-04 17:29:37,074 - INFO -  Added comment to ticket #61426
2025-08-04 17:29:39,826 - INFO -  Slack notification sent for Thomas Shields
2025-08-04 17:29:39,826 - INFO - ============================================================
2025-08-04 17:29:39,826 - INFO - AUTOMATION SUMMARY - 2025-08-04 17:29:39
2025-08-04 17:29:39,826 - INFO - Duration: 0:00:29.388432
2025-08-04 17:29:39,826 - INFO - Successful creations: 1
2025-08-04 17:29:39,826 - INFO - Duplicates skipped: 0
2025-08-04 17:29:39,826 - INFO - Errors encountered: 0
2025-08-04 17:29:39,826 - INFO - Total users processed: 1
2025-08-04 17:29:39,826 - INFO - ============================================================
